This is pdfTeX, Version 3.141592653-2.6-1.40.25 (TeX Live 2023) (preloaded format=pdflatex 2024.2.28)  3 JAN 2026 08:37
entering extended mode
 restricted \write18 enabled.
 %&-line parsing enabled.
**./elsarticle-template-num.tex
(./elsarticle-template-num.tex
LaTeX2e <2022-11-01> patch level 1
L3 programming layer <2023-02-22>
(/usr/local/texlive/2023/texmf-dist/tex/latex/elsarticle/elsarticle.cls
Document Class: elsarticle 2020/11/20, 3.3: Elsevier Ltd
(/usr/local/texlive/2023/texmf-dist/tex/latex/l3kernel/expl3.sty
Package: expl3 2023-02-22 L3 programming layer (loader) 

(/usr/local/texlive/2023/texmf-dist/tex/latex/l3backend/l3backend-pdftex.def
File: l3backend-pdftex.def 2023-01-16 L3 backend support: PDF output (pdfTeX)
\l__color_backend_stack_int=\count185
\l__pdf_internal_box=\box51
))
(/usr/local/texlive/2023/texmf-dist/tex/latex/l3packages/xparse/xparse.sty
Package: xparse 2023-02-02 L3 Experimental document command parser
)
(/usr/local/texlive/2023/texmf-dist/tex/latex/etoolbox/etoolbox.sty
Package: etoolbox 2020/10/05 v2.5k e-TeX tools for LaTeX (JAW)
\etb@tempcnta=\count186
)
\@bls=\dimen140

(/usr/local/texlive/2023/texmf-dist/tex/latex/base/article.cls
Document Class: article 2022/07/02 v1.4n Standard LaTeX document class
(/usr/local/texlive/2023/texmf-dist/tex/latex/base/size12.clo
File: size12.clo 2022/07/02 v1.4n Standard LaTeX file (size option)
)
\c@part=\count187
\c@section=\count188
\c@subsection=\count189
\c@subsubsection=\count190
\c@paragraph=\count191
\c@subparagraph=\count192
\c@figure=\count193
\c@table=\count194
\abovecaptionskip=\skip48
\belowcaptionskip=\skip49
\bibindent=\dimen141
)
(/usr/local/texlive/2023/texmf-dist/tex/latex/graphics/graphicx.sty
Package: graphicx 2021/09/16 v1.2d Enhanced LaTeX Graphics (DPC,SPQR)

(/usr/local/texlive/2023/texmf-dist/tex/latex/graphics/keyval.sty
Package: keyval 2022/05/29 v1.15 key=value parser (DPC)
\KV@toks@=\toks16
)
(/usr/local/texlive/2023/texmf-dist/tex/latex/graphics/graphics.sty
Package: graphics 2022/03/10 v1.4e Standard LaTeX Graphics (DPC,SPQR)

(/usr/local/texlive/2023/texmf-dist/tex/latex/graphics/trig.sty
Package: trig 2021/08/11 v1.11 sin cos tan (DPC)
)
(/usr/local/texlive/2023/texmf-dist/tex/latex/graphics-cfg/graphics.cfg
File: graphics.cfg 2016/06/04 v1.11 sample graphics configuration
)
Package graphics Info: Driver file: pdftex.def on input line 107.

(/usr/local/texlive/2023/texmf-dist/tex/latex/graphics-def/pdftex.def
File: pdftex.def 2022/09/22 v1.2b Graphics/color driver for pdftex
))
\Gin@req@height=\dimen142
\Gin@req@width=\dimen143
)
\c@tnote=\count195
\c@fnote=\count196
\c@cnote=\count197
\c@ead=\count198
\c@author=\count199
\@eadauthor=\toks17
\c@affn=\count266
\absbox=\box52
\elsarticlehighlightsbox=\box53
\elsarticlegrabsbox=\box54
\keybox=\box55
\Columnwidth=\dimen144
\space@left=\dimen145
\els@boxa=\box56
\els@boxb=\box57
\leftMargin=\dimen146
\@enLab=\toks18
\@sep=\skip50
\@@sep=\skip51

(./elsarticle-template-num.spl)
(/usr/local/texlive/2023/texmf-dist/tex/latex/natbib/natbib.sty
Package: natbib 2010/09/13 8.31b (PWD, AO)
\bibhang=\skip52
\bibsep=\skip53
LaTeX Info: Redefining \cite on input line 694.
\c@NAT@ctr=\count267
)
\splwrite=\write3
\openout3 = `elsarticle-template-num.spl'.

\appnamewidth=\dimen147
)
(/usr/local/texlive/2023/texmf-dist/tex/latex/amsmath/amsmath.sty
Package: amsmath 2022/04/08 v2.17n AMS math features
\@mathmargin=\skip54

For additional information on amsmath, use the `?' option.
(/usr/local/texlive/2023/texmf-dist/tex/latex/amsmath/amstext.sty
Package: amstext 2021/08/26 v2.01 AMS text

(/usr/local/texlive/2023/texmf-dist/tex/latex/amsmath/amsgen.sty
File: amsgen.sty 1999/11/30 v2.0 generic functions
\@emptytoks=\toks19
\ex@=\dimen148
))
(/usr/local/texlive/2023/texmf-dist/tex/latex/amsmath/amsbsy.sty
Package: amsbsy 1999/11/29 v1.2d Bold Symbols
\pmbraise@=\dimen149
)
(/usr/local/texlive/2023/texmf-dist/tex/latex/amsmath/amsopn.sty
Package: amsopn 2022/04/08 v2.04 operator names
)
\inf@bad=\count268
LaTeX Info: Redefining \frac on input line 234.
\uproot@=\count269
\leftroot@=\count270
LaTeX Info: Redefining \overline on input line 399.
LaTeX Info: Redefining \colon on input line 410.
\classnum@=\count271
\DOTSCASE@=\count272
LaTeX Info: Redefining \ldots on input line 496.
LaTeX Info: Redefining \dots on input line 499.
LaTeX Info: Redefining \cdots on input line 620.
\Mathstrutbox@=\box58
\strutbox@=\box59
LaTeX Info: Redefining \big on input line 722.
LaTeX Info: Redefining \Big on input line 723.
LaTeX Info: Redefining \bigg on input line 724.
LaTeX Info: Redefining \Bigg on input line 725.
\big@size=\dimen150
LaTeX Font Info:    Redeclaring font encoding OML on input line 743.
LaTeX Font Info:    Redeclaring font encoding OMS on input line 744.
\macc@depth=\count273
LaTeX Info: Redefining \bmod on input line 905.
LaTeX Info: Redefining \pmod on input line 910.
LaTeX Info: Redefining \smash on input line 940.
LaTeX Info: Redefining \relbar on input line 970.
LaTeX Info: Redefining \Relbar on input line 971.
\c@MaxMatrixCols=\count274
\dotsspace@=\muskip16
\c@parentequation=\count275
\dspbrk@lvl=\count276
\tag@help=\toks20
\row@=\count277
\column@=\count278
\maxfields@=\count279
\andhelp@=\toks21
\eqnshift@=\dimen151
\alignsep@=\dimen152
\tagshift@=\dimen153
\tagwidth@=\dimen154
\totwidth@=\dimen155
\lineht@=\dimen156
\@envbody=\toks22
\multlinegap=\skip55
\multlinetaggap=\skip56
\mathdisplay@stack=\toks23
LaTeX Info: Redefining \[ on input line 2953.
LaTeX Info: Redefining \] on input line 2954.
)
(/usr/local/texlive/2023/texmf-dist/tex/latex/amsfonts/amssymb.sty
Package: amssymb 2013/01/14 v3.01 AMS font symbols

(/usr/local/texlive/2023/texmf-dist/tex/latex/amsfonts/amsfonts.sty
Package: amsfonts 2013/01/14 v3.01 Basic AMSFonts support
\symAMSa=\mathgroup4
\symAMSb=\mathgroup5
LaTeX Font Info:    Redeclaring math symbol \hbar on input line 98.
LaTeX Font Info:    Overwriting math alphabet `\mathfrak' in version `bold'
(Font)                  U/euf/m/n --> U/euf/b/n on input line 106.
))
(/usr/local/texlive/2023/texmf-dist/tex/latex/amscls/amsthm.sty
Package: amsthm 2020/05/29 v2.20.6
\thm@style=\toks24
\thm@bodyfont=\toks25
\thm@headfont=\toks26
\thm@notefont=\toks27
\thm@headpunct=\toks28
\thm@preskip=\skip57
\thm@postskip=\skip58
\thm@headsep=\skip59
\dth@everypar=\toks29
LaTeX Info: Redefining \qed on input line 273.
)
(/usr/local/texlive/2023/texmf-dist/tex/latex/wasysym/wasysym.sty
Package: wasysym 2020/01/19 v2.4 Wasy-2 symbol support package
\symwasy=\mathgroup6
LaTeX Font Info:    Overwriting symbol font `wasy' in version `bold'
(Font)                  U/wasy/m/n --> U/wasy/b/n on input line 93.
)
(/usr/local/texlive/2023/texmf-dist/tex/latex/tools/array.sty
Package: array 2022/09/04 v2.5g Tabular extension package (FMi)
\col@sep=\dimen157
\ar@mcellbox=\box60
\extrarowheight=\dimen158
\NC@list=\toks30
\extratabsurround=\skip60
\backup@length=\skip61
\ar@cellbox=\box61
)
(/usr/local/texlive/2023/texmf-dist/tex/latex/booktabs/booktabs.sty
Package: booktabs 2020/01/12 v1.61803398 Publication quality tables
\heavyrulewidth=\dimen159
\lightrulewidth=\dimen160
\cmidrulewidth=\dimen161
\belowrulesep=\dimen162
\belowbottomsep=\dimen163
\aboverulesep=\dimen164
\abovetopsep=\dimen165
\cmidrulesep=\dimen166
\cmidrulekern=\dimen167
\defaultaddspace=\dimen168
\@cmidla=\count280
\@cmidlb=\count281
\@aboverulesep=\dimen169
\@belowrulesep=\dimen170
\@thisruleclass=\count282
\@lastruleclass=\count283
\@thisrulewidth=\dimen171
)
(/usr/local/texlive/2023/texmf-dist/tex/latex/caption/caption.sty
Package: caption 2023/03/12 v3.6j Customizing captions (AR)

(/usr/local/texlive/2023/texmf-dist/tex/latex/caption/caption3.sty
Package: caption3 2023/03/12 v2.4 caption3 kernel (AR)
\caption@tempdima=\dimen172
\captionmargin=\dimen173
\caption@leftmargin=\dimen174
\caption@rightmargin=\dimen175
\caption@width=\dimen176
\caption@indent=\dimen177
\caption@parindent=\dimen178
\caption@hangindent=\dimen179
Package caption Info: elsarticle document class detected.

(/usr/local/texlive/2023/texmf-dist/tex/latex/caption/caption-elsarticle.sto
File: caption-elsarticle.sto 2020/08/22 v2.0 Adaption of the caption package to
 the elsarticle document class (AR)
))
\c@caption@flags=\count284
\c@continuedfloat=\count285
) (/usr/local/texlive/2023/texmf-dist/tex/latex/caption/subcaption.sty
Package: subcaption 2023/02/19 v1.6 Sub-captions (AR)
Package caption Info: New subtype `subfigure' on input line 239.
\c@subfigure=\count286
Package caption Info: New subtype `subtable' on input line 239.
\c@subtable=\count287
)
(/usr/local/texlive/2023/texmf-dist/tex/latex/tools/tabularx.sty
Package: tabularx 2020/01/15 v2.11c `tabularx' package (DPC)
\TX@col@width=\dimen180
\TX@old@table=\dimen181
\TX@old@col=\dimen182
\TX@target=\dimen183
\TX@delta=\dimen184
\TX@cols=\count288
\TX@ftn=\toks31
)
(/usr/local/texlive/2023/texmf-dist/tex/latex/tabularray/tabularray.sty
Package: tabularray 2023-03-01 v2023A Typeset tabulars and arrays with LaTeX3
\l__tblr_a_int=\count289
\l__tblr_c_int=\count290
\l__tblr_r_int=\count291
\l__tblr_d_dim=\dimen185
\l__tblr_h_dim=\dimen186
\l__tblr_o_dim=\dimen187
\l__tblr_p_dim=\dimen188
\l__tblr_q_dim=\dimen189
\l__tblr_r_dim=\dimen190
\l__tblr_s_dim=\dimen191
\l__tblr_t_dim=\dimen192
\l__tblr_v_dim=\dimen193
\l__tblr_w_dim=\dimen194
\l__tblr_a_box=\box62
\l__tblr_b_box=\box63
\l__tblr_c_box=\box64
\l__tblr_d_box=\box65
\g__tblr_table_count_int=\count292
\c@rownum=\count293
\c@colnum=\count294
\c@rowcount=\count295
\c@colcount=\count296
\abovesep=\dimen195
\belowsep=\dimen196
\leftsep=\dimen197
\rightsep=\dimen198
\g_tblr_level_int=\count297
\g__tblr_data_row_key_count_int=\count298
\g__tblr_data_column_key_count_int=\count299
\g__tblr_data_cell_key_count_int=\count300
\g__tblr_array_int=\count301
\l__tblr_key_count_int=\count302
\l__tblr_key_quotient_int=\count303
\l__tblr_key_quotient_two_int=\count304
\l__tblr_key_remainder_int=\count305
\g__tblr_data_str_value_count_int=\count306
\rulewidth=\dimen199
\l__tblr_strut_dp_dim=\dimen256
\l__tblr_strut_ht_dim=\dimen257
\g__tblr_cell_wd_dim=\dimen258
\g__tblr_cell_ht_dim=\dimen259
\g__tblr_cell_head_dim=\dimen260
\g__tblr_cell_foot_dim=\dimen261
\l__column_target_dim=\dimen262
\l__tblr_caption_box=\box66
\l__tblr_caption_left_box=\box67
\l__tblr_row_head_box=\box68
\l__tblr_row_foot_box=\box69
\l__tblr_row_head_foot_dim=\dimen263
\tablewidth=\dimen264
\l__tblr_table_firsthead_box=\box70
\l__tblr_table_middlehead_box=\box71
\l__tblr_table_lasthead_box=\box72
\l__tblr_table_firstfoot_box=\box73
\l__tblr_table_middlefoot_box=\box74
\l__tblr_table_lastfoot_box=\box75
\l__tblr_remain_height_dim=\dimen265
\l__tblr_long_from_int=\count307
\l__tblr_long_to_int=\count308
\l__tblr_curr_i_int=\count309
\l__tblr_prev_i_int=\count310
\l__tblr_table_page_int=\count311
\l__tblr_table_head_box=\box76
\l__tblr_table_foot_box=\box77
\l__tblr_table_head_foot_dim=\dimen266
\l__tblr_table_head_body_foot_dim=\dimen267
\l__tblr_table_box=\box78
\l__tblr_table_hlines_box=\box79
\l__tblr_hline_box=\box80
\l__tblr_row_box=\box81
\l__tblr_col_o_wd_dim=\dimen268
\l__tblr_col_b_wd_dim=\dimen269
\l__tblr_hline_leftskip_dim=\dimen270
\l__tblr_hline_rightskip_dim=\dimen271
\l__tblr_row_ht_dim=\dimen272
\l__tblr_row_dp_dim=\dimen273
\l__tblr_row_abovesep_dim=\dimen274
\l__tblr_row_belowsep_dim=\dimen275
\l__tblr_row_vlines_box=\box82
\l__tblr_vline_box=\box83
\l__tblr_cell_box=\box84
\l__row_upper_dim=\dimen276
\l__row_lower_dim=\dimen277
\l__row_vpace_dim=\dimen278
\l__tblr_vline_aboveskip_dim=\dimen279
\l__tblr_vline_belowskip_dim=\dimen280
\l__tblr_cell_wd_dim=\dimen281
\l__tblr_cell_ht_dim=\dimen282
\l__tblr_diag_box=\box85
)
(/usr/local/texlive/2023/texmf-dist/tex/latex/multirow/multirow.sty
Package: multirow 2021/03/15 v2.8 Span multiple rows of a table
\multirow@colwidth=\skip62
\multirow@cntb=\count312
\multirow@dima=\skip63
\bigstrutjot=\dimen283
)
(/usr/local/texlive/2023/texmf-dist/tex/latex/tools/calc.sty
Package: calc 2017/05/25 v4.3 Infix arithmetic (KKT,FJ)
\calc@Acount=\count313
\calc@Bcount=\count314
\calc@Adimen=\dimen284
\calc@Bdimen=\dimen285
\calc@Askip=\skip64
\calc@Bskip=\skip65
LaTeX Info: Redefining \setlength on input line 80.
LaTeX Info: Redefining \addtolength on input line 81.
\calc@Ccount=\count315
\calc@Cskip=\skip66
)
(/usr/local/texlive/2023/texmf-dist/tex/latex/pdflscape/pdflscape.sty
Package: pdflscape 2022-10-27 v0.13 Display of landscape pages in PDF

(/usr/local/texlive/2023/texmf-dist/tex/latex/pdflscape/pdflscape-nometadata.st
y
Package: pdflscape-nometadata 2022-10-28 v0.13 Display of landscape pages in PD
F (HO)
 (/usr/local/texlive/2023/texmf-dist/tex/generic/iftex/iftex.sty
Package: iftex 2022/02/03 v1.0f TeX engine tests
)
(/usr/local/texlive/2023/texmf-dist/tex/latex/graphics/lscape.sty
Package: lscape 2020/05/28 v3.02 Landscape Pages (DPC)
)
Package pdflscape Info: Auto-detected driver: pdftex on input line 81.
))
(/usr/local/texlive/2023/texmf-dist/tex/latex/lineno/lineno.sty
Package: lineno 2023/01/19 line numbers on paragraphs v5.1
\linenopenalty=\count316
\output=\toks32
\linenoprevgraf=\count317
\linenumbersep=\dimen286
\linenumberwidth=\dimen287
\c@linenumber=\count318
\c@pagewiselinenumber=\count319
\c@LN@truepage=\count320
\c@internallinenumber=\count321
\c@internallinenumbers=\count322
\quotelinenumbersep=\dimen288
\bframerule=\dimen289
\bframesep=\dimen290
\bframebox=\box86
\linenoamsmath@ams@eqpen=\count323
LaTeX Info: Redefining \\ on input line 3131.
)
(/usr/local/texlive/2023/texmf-dist/tex/latex/algorithm2e/algorithm2e.sty
Package: algorithm2e 2017/07/18 v5.2 algorithms environments
\c@AlgoLine=\count324

(/usr/local/texlive/2023/texmf-dist/tex/latex/base/ifthen.sty
Package: ifthen 2022/04/13 v1.1d Standard LaTeX ifthen package (DPC)
)
\algocf@hangindent=\skip67

(/usr/local/texlive/2023/texmf-dist/tex/latex/ifoddpage/ifoddpage.sty
Package: ifoddpage 2022/10/18 v1.2 Conditionals for odd/even page detection
\c@checkoddpage=\count325
)
(/usr/local/texlive/2023/texmf-dist/tex/latex/tools/xspace.sty
Package: xspace 2014/10/28 v1.13 Space after command names (DPC,MH)
)
(/usr/local/texlive/2023/texmf-dist/tex/latex/relsize/relsize.sty
Package: relsize 2013/03/29 ver 4.1
)
\skiptotal=\skip68
\skiplinenumber=\skip69
\skiprule=\skip70
\skiphlne=\skip71
\skiptext=\skip72
\skiplength=\skip73
\algomargin=\skip74
\skipalgocfslide=\skip75
\algowidth=\dimen291
\inoutsize=\dimen292
\inoutindent=\dimen293
\interspacetitleruled=\dimen294
\interspacealgoruled=\dimen295
\interspacetitleboxruled=\dimen296
\algocf@ruledwidth=\skip76
\algocf@inoutbox=\box87
\algocf@inputbox=\box88
\AlCapSkip=\skip77
\AlCapHSkip=\skip78
\algoskipindent=\skip79
\algocf@nlbox=\box89
\algocf@hangingbox=\box90
\algocf@untilbox=\box91
\algocf@skipuntil=\skip80
\algocf@capbox=\box92
\algocf@lcaptionbox=\skip81
\algoheightruledefault=\skip82
\algoheightrule=\skip83
\algotitleheightruledefault=\skip84
\algotitleheightrule=\skip85
\c@algocfline=\count326
\c@algocfproc=\count327
\c@algocf=\count328
\algocf@algoframe=\box93
\algocf@algobox=\box94
)
(/usr/local/texlive/2023/texmf-dist/tex/latex/ctex/ctex.sty
Package: ctex 2022/07/14 v2.5.10 Chinese adapter in LaTeX (CTEX)

(/usr/local/texlive/2023/texmf-dist/tex/latex/ctex/ctexhook.sty
Package: ctexhook 2022/07/14 v2.5.10 Document and package hooks (CTEX)
)
(/usr/local/texlive/2023/texmf-dist/tex/latex/ctex/ctexpatch.sty
Package: ctexpatch 2022/07/14 v2.5.10 Patching commands (CTEX)
)
(/usr/local/texlive/2023/texmf-dist/tex/latex/base/fix-cm.sty
Package: fix-cm 2020/11/24 v1.1t fixes to LaTeX

(/usr/local/texlive/2023/texmf-dist/tex/latex/base/ts1enc.def
File: ts1enc.def 2001/06/05 v3.0e (jk/car/fm) Standard LaTeX file
LaTeX Font Info:    Redeclaring font encoding TS1 on input line 47.
))
\l__ctex_tmp_int=\count329
\l__ctex_tmp_box=\box95
\l__ctex_tmp_dim=\dimen297
\g__ctex_section_depth_int=\count330
\g__ctex_font_size_int=\count331

(/usr/local/texlive/2023/texmf-dist/tex/latex/ctex/config/ctexopts.cfg
File: ctexopts.cfg 2022/07/14 v2.5.10 Option configuration file (CTEX)
)

Package ctex Warning: UTF8 will be used as the default encoding.


(/usr/local/texlive/2023/texmf-dist/tex/latex/ctex/engine/ctex-engine-pdftex.de
f
File: ctex-engine-pdftex.def 2022/07/14 v2.5.10 (pdf)LaTeX adapter (CTEX)
 (/usr/local/texlive/2023/texmf-dist/tex/latex/cjk/texinput/CJKutf8.sty
Package: CJKutf8 2021/10/16 4.8.5

(/usr/local/texlive/2023/texmf-dist/tex/generic/iftex/ifpdf.sty
Package: ifpdf 2019/10/25 v3.4 ifpdf legacy package. Use iftex instead.
)
(/usr/local/texlive/2023/texmf-dist/tex/latex/base/inputenc.sty
Package: inputenc 2021/02/14 v1.3d Input encoding file
\inpenc@prehook=\toks33
\inpenc@posthook=\toks34
)
(/usr/local/texlive/2023/texmf-dist/tex/latex/cjk/texinput/CJK.sty
Package: CJK 2021/10/16 4.8.5

(/usr/local/texlive/2023/texmf-dist/tex/latex/cjk/texinput/mule/MULEenc.sty
Package: MULEenc 2021/10/16 4.8.5
)
(/usr/local/texlive/2023/texmf-dist/tex/latex/cjk/texinput/CJK.enc
File: CJK.enc 2021/10/16 4.8.5
Now handling font encoding C00 ...
... no UTF-8 mapping file for font encoding C00
Now handling font encoding C05 ...
... no UTF-8 mapping file for font encoding C05
Now handling font encoding C09 ...
... no UTF-8 mapping file for font encoding C09
Now handling font encoding C10 ...
... no UTF-8 mapping file for font encoding C10
Now handling font encoding C20 ...
... no UTF-8 mapping file for font encoding C20
Now handling font encoding C19 ...
... no UTF-8 mapping file for font encoding C19
Now handling font encoding C40 ...
... no UTF-8 mapping file for font encoding C40
Now handling font encoding C42 ...
... no UTF-8 mapping file for font encoding C42
Now handling font encoding C43 ...
... no UTF-8 mapping file for font encoding C43
Now handling font encoding C50 ...
... no UTF-8 mapping file for font encoding C50
Now handling font encoding C52 ...
... no UTF-8 mapping file for font encoding C52
Now handling font encoding C49 ...
... no UTF-8 mapping file for font encoding C49
Now handling font encoding C60 ...
... no UTF-8 mapping file for font encoding C60
Now handling font encoding C61 ...
... no UTF-8 mapping file for font encoding C61
Now handling font encoding C63 ...
... no UTF-8 mapping file for font encoding C63
Now handling font encoding C64 ...
... no UTF-8 mapping file for font encoding C64
Now handling font encoding C65 ...
... no UTF-8 mapping file for font encoding C65
Now handling font encoding C70 ...
... no UTF-8 mapping file for font encoding C70
Now handling font encoding C31 ...
... no UTF-8 mapping file for font encoding C31
Now handling font encoding C32 ...
... no UTF-8 mapping file for font encoding C32
Now handling font encoding C33 ...
... no UTF-8 mapping file for font encoding C33
Now handling font encoding C34 ...
... no UTF-8 mapping file for font encoding C34
Now handling font encoding C35 ...
... no UTF-8 mapping file for font encoding C35
Now handling font encoding C36 ...
... no UTF-8 mapping file for font encoding C36
Now handling font encoding C37 ...
... no UTF-8 mapping file for font encoding C37
Now handling font encoding C80 ...
... no UTF-8 mapping file for font encoding C80
Now handling font encoding C81 ...
... no UTF-8 mapping file for font encoding C81
Now handling font encoding C01 ...
... no UTF-8 mapping file for font encoding C01
Now handling font encoding C11 ...
... no UTF-8 mapping file for font encoding C11
Now handling font encoding C21 ...
... no UTF-8 mapping file for font encoding C21
Now handling font encoding C41 ...
... no UTF-8 mapping file for font encoding C41
Now handling font encoding C62 ...
... no UTF-8 mapping file for font encoding C62
)
\CJK@indent=\box96
)
(/usr/local/texlive/2023/texmf-dist/tex/latex/base/fontenc.sty
Package: fontenc 2021/04/29 v2.0v Standard LaTeX package
))
(/usr/local/texlive/2023/texmf-dist/tex/latex/cjkpunct/CJKpunct.sty
Package: CJKpunct 2016/05/14 4.8.4
\CJKpunct@cnta=\count332
\CJKpunct@cntb=\count333
\CJKpunct@cntc=\count334
\CJKpunct@cntd=\count335
\CJKpunct@cnte=\count336
   defining Unicode char U+2018 (decimal 8216)
   defining Unicode char U+2019 (decimal 8217)
   defining Unicode char U+201C (decimal 8220)
   defining Unicode char U+201D (decimal 8221)
   defining Unicode char U+2014 (decimal 8212)
   defining Unicode char U+2026 (decimal 8230)

(/usr/local/texlive/2023/texmf-dist/tex/latex/cjkpunct/CJKpunct.spa))
(/usr/local/texlive/2023/texmf-dist/tex/latex/cjk/texinput/CJKspace.sty
Package: CJKspace 2021/10/16 3.8.0
)
(/usr/local/texlive/2023/texmf-dist/tex/latex/cjk/texinput/UTF8/UTF8.bdg
File: UTF8.bdg 2021/10/16 4.8.5
)
(/usr/local/texlive/2023/texmf-dist/tex/latex/ctex/ctexspa.def
File: ctexspa.def 2022/07/14 v2.5.10 Space info for CJKpunct (CTEX)
)
\ccwd=\dimen298
\l__ctex_ccglue_skip=\skip86
)
\l__ctex_ziju_dim=\dimen299

(/usr/local/texlive/2023/texmf-dist/tex/latex/zhnumber/zhnumber.sty
Package: zhnumber 2022/07/14 v3.0 Typesetting numbers with Chinese glyphs
\l__zhnum_scale_int=\count337
\l__zhnum_tmp_int=\count338

(/usr/local/texlive/2023/texmf-dist/tex/latex/zhnumber/zhnumber-utf8.cfg
File: zhnumber-utf8.cfg 2022/07/14 v3.0 Chinese numerals with UTF8 encoding
))
(/usr/local/texlive/2023/texmf-dist/tex/latex/ctex/scheme/ctex-scheme-chinese.d
ef
File: ctex-scheme-chinese.def 2022/07/14 v2.5.10 Chinese scheme for generic (CT
EX)
 (/usr/local/texlive/2023/texmf-dist/tex/latex/ctex/config/ctex-name-utf8.cfg
File: ctex-name-utf8.cfg 2022/07/14 v2.5.10 Caption with encoding UTF-8 (CTEX)
)) (/usr/local/texlive/2023/texmf-dist/tex/latex/tools/indentfirst.sty
Package: indentfirst 1995/11/23 v1.03 Indent first paragraph (DPC)
)
(/usr/local/texlive/2023/texmf-dist/tex/latex/ctex/fontset/ctex-fontset-fandol.
def
File: ctex-fontset-fandol.def 2022/07/14 v2.5.10 Fandol fonts definition (CTEX)



! Critical Package ctex Error: CTeX fontset `fandol' is unavailable in current
(ctex)                         mode.

Type <return> to continue.
 ...                                              
                                                  
l.103   }
         
? 
)) (/usr/local/texlive/2023/texmf-dist/tex/latex/ctex/config/ctex.cfg
File: ctex.cfg 2022/07/14 v2.5.10 Configuration file (CTEX)
)
(/usr/local/texlive/2023/texmf-dist/tex/latex/cjk/texinput/UTF8/UTF8.enc
File: UTF8.enc 2021/10/16 4.8.5
)
(/usr/local/texlive/2023/texmf-dist/tex/latex/cjk/texinput/UTF8/UTF8.chr
File: UTF8.chr 2021/10/16 4.8.5
)
No file elsarticle-template-num.aux.
\openout1 = `elsarticle-template-num.aux'.

LaTeX Font Info:    Checking defaults for OML/cmm/m/it on input line 36.
LaTeX Font Info:    ... okay on input line 36.
LaTeX Font Info:    Checking defaults for OMS/cmsy/m/n on input line 36.
LaTeX Font Info:    ... okay on input line 36.
LaTeX Font Info:    Checking defaults for OT1/cmr/m/n on input line 36.
LaTeX Font Info:    ... okay on input line 36.
LaTeX Font Info:    Checking defaults for T1/cmr/m/n on input line 36.
LaTeX Font Info:    ... okay on input line 36.
LaTeX Font Info:    Checking defaults for TS1/cmr/m/n on input line 36.
LaTeX Font Info:    ... okay on input line 36.
LaTeX Font Info:    Checking defaults for OMX/cmex/m/n on input line 36.
LaTeX Font Info:    ... okay on input line 36.
LaTeX Font Info:    Checking defaults for U/cmr/m/n on input line 36.
LaTeX Font Info:    ... okay on input line 36.
LaTeX Font Info:    Checking defaults for C00/song/m/n on input line 36.
LaTeX Font Info:    ... okay on input line 36.
LaTeX Font Info:    Checking defaults for C05/song/m/n on input line 36.
LaTeX Font Info:    ... okay on input line 36.
LaTeX Font Info:    Checking defaults for C09/song/m/n on input line 36.
LaTeX Font Info:    ... okay on input line 36.
LaTeX Font Info:    Checking defaults for C10/song/m/n on input line 36.
LaTeX Font Info:    ... okay on input line 36.
LaTeX Font Info:    Checking defaults for C20/song/m/n on input line 36.
LaTeX Font Info:    ... okay on input line 36.
LaTeX Font Info:    Checking defaults for C19/song/m/n on input line 36.
LaTeX Font Info:    ... okay on input line 36.
LaTeX Font Info:    Checking defaults for C40/song/m/n on input line 36.
LaTeX Font Info:    ... okay on input line 36.
LaTeX Font Info:    Checking defaults for C42/song/m/n on input line 36.
LaTeX Font Info:    ... okay on input line 36.
LaTeX Font Info:    Checking defaults for C43/song/m/n on input line 36.
LaTeX Font Info:    ... okay on input line 36.
LaTeX Font Info:    Checking defaults for C50/song/m/n on input line 36.
LaTeX Font Info:    ... okay on input line 36.
LaTeX Font Info:    Checking defaults for C52/song/m/n on input line 36.
LaTeX Font Info:    ... okay on input line 36.
LaTeX Font Info:    Checking defaults for C49/song/m/n on input line 36.
LaTeX Font Info:    ... okay on input line 36.
LaTeX Font Info:    Checking defaults for C60/mj/m/n on input line 36.
LaTeX Font Info:    ... okay on input line 36.
LaTeX Font Info:    Checking defaults for C61/mj/m/n on input line 36.
LaTeX Font Info:    ... okay on input line 36.
LaTeX Font Info:    Checking defaults for C63/mj/m/n on input line 36.
LaTeX Font Info:    ... okay on input line 36.
LaTeX Font Info:    Checking defaults for C64/mj/m/n on input line 36.
LaTeX Font Info:    ... okay on input line 36.
LaTeX Font Info:    Checking defaults for C65/mj/m/n on input line 36.
LaTeX Font Info:    ... okay on input line 36.
LaTeX Font Info:    Checking defaults for C70/song/m/n on input line 36.
LaTeX Font Info:    ... okay on input line 36.
LaTeX Font Info:    Checking defaults for C31/song/m/n on input line 36.
LaTeX Font Info:    ... okay on input line 36.
LaTeX Font Info:    Checking defaults for C32/song/m/n on input line 36.
LaTeX Font Info:    ... okay on input line 36.
LaTeX Font Info:    Checking defaults for C33/song/m/n on input line 36.
LaTeX Font Info:    ... okay on input line 36.
LaTeX Font Info:    Checking defaults for C34/song/m/n on input line 36.
LaTeX Font Info:    ... okay on input line 36.
LaTeX Font Info:    Checking defaults for C35/song/m/n on input line 36.
LaTeX Font Info:    ... okay on input line 36.
LaTeX Font Info:    Checking defaults for C36/song/m/n on input line 36.
LaTeX Font Info:    ... okay on input line 36.
LaTeX Font Info:    Checking defaults for C37/song/m/n on input line 36.
LaTeX Font Info:    ... okay on input line 36.
LaTeX Font Info:    Checking defaults for C80/song/m/n on input line 36.
LaTeX Font Info:    ... okay on input line 36.
LaTeX Font Info:    Checking defaults for C81/song/m/n on input line 36.
LaTeX Font Info:    ... okay on input line 36.
LaTeX Font Info:    Checking defaults for C01/song/m/n on input line 36.
LaTeX Font Info:    ... okay on input line 36.
LaTeX Font Info:    Checking defaults for C11/song/m/n on input line 36.
LaTeX Font Info:    ... okay on input line 36.
LaTeX Font Info:    Checking defaults for C21/song/m/n on input line 36.
LaTeX Font Info:    ... okay on input line 36.
LaTeX Font Info:    Checking defaults for C41/song/m/n on input line 36.
LaTeX Font Info:    ... okay on input line 36.
LaTeX Font Info:    Checking defaults for C62/song/m/n on input line 36.
LaTeX Font Info:    ... okay on input line 36.
(/usr/local/texlive/2023/texmf-dist/tex/context/base/mkii/supp-pdf.mkii
[Loading MPS to PDF converter (version 2006.09.02).]
\scratchcounter=\count339
\scratchdimen=\dimen300
\scratchbox=\box97
\nofMPsegments=\count340
\nofMParguments=\count341
\everyMPshowfont=\toks35
\MPscratchCnt=\count342
\MPscratchDim=\dimen301
\MPnumerator=\count343
\makeMPintoPDFobject=\count344
\everyMPtoPDFconversion=\toks36
) (/usr/local/texlive/2023/texmf-dist/tex/latex/epstopdf-pkg/epstopdf-base.sty
Package: epstopdf-base 2020-01-24 v2.11 Base part for package epstopdf
Package epstopdf-base Info: Redefining graphics rule for `.eps' on input line 4
85.

(/usr/local/texlive/2023/texmf-dist/tex/latex/latexconfig/epstopdf-sys.cfg
File: epstopdf-sys.cfg 2010/07/13 v1.3 Configuration of (r)epstopdf for TeX Liv
e
))
Package caption Info: Begin \AtBeginDocument code.
Package caption Info: End \AtBeginDocument code.
LaTeX Font Info:    Trying to load font information for C70+rm on input line 10
8.

(/usr/local/texlive/2023/texmf-dist/tex/latex/ctex/fd/c70rm.fd
File: c70rm.fd 2022/07/14 v2.5.10 Chinese font definition (CTEX)
)
LaTeX Font Info:    Trying to load font information for U+msa on input line 108
.

(/usr/local/texlive/2023/texmf-dist/tex/latex/amsfonts/umsa.fd
File: umsa.fd 2013/01/14 v3.01 AMS symbols A
)
LaTeX Font Info:    Trying to load font information for U+msb on input line 108
.

(/usr/local/texlive/2023/texmf-dist/tex/latex/amsfonts/umsb.fd
File: umsb.fd 2013/01/14 v3.01 AMS symbols B
)
LaTeX Font Info:    Trying to load font information for U+wasy on input line 10
8.

(/usr/local/texlive/2023/texmf-dist/tex/latex/wasysym/uwasy.fd
File: uwasy.fd 2020/01/19 v2.4 Wasy-2 symbol font definitions
) [1

{/usr/local/texlive/2023/texmf-var/fonts/map/pdftex/updmap/pdftex.map}]

Package natbib Warning: Citation `wang2024deepwind' on page 2 undefined on inpu
t line 130.


Package natbib Warning: Citation `xu2024dgformer' on page 2 undefined on input 
line 130.


Package natbib Warning: Citation `yang2024long' on page 2 undefined on input li
ne 130.


Package natbib Warning: Citation `shen2024energy' on page 2 undefined on input 
line 131.


Package natbib Warning: Citation `zhuang2023multi' on page 2 undefined on input
 line 131.


Package natbib Warning: Citation `xing2023stcgcn' on page 2 undefined on input 
line 131.


Package natbib Warning: Citation `kong2023dynamic' on page 2 undefined on input
 line 132.


Package natbib Warning: Citation `li2024st' on page 2 undefined on input line 1
32.


Package natbib Warning: Citation `kong2024spatio' on page 2 undefined on input 
line 132.


LaTeX Warning: File `figs/fig_2.png' not found on input line 138.


! Package pdftex.def Error: File `figs/fig_2.png' not found: using draft settin
g.

See the pdftex.def package documentation for explanation.
Type  H <return>  for immediate help.
 ...                                              
                                                  
l.138 ...ics[width=0.95\textwidth]{figs/fig_2.png}
                                                  
? 

LaTeX Warning: `h' float specifier changed to `ht'.


Package natbib Warning: Citation `box1976analysis' on page 2 undefined on input
 line 150.


Package natbib Warning: Citation `drucker1996support' on page 2 undefined on in
put line 150.


Package natbib Warning: Citation `zivot2006vector' on page 2 undefined on input
 line 150.


Package natbib Warning: Citation `chen2007narx' on page 2 undefined on input li
ne 150.


Package natbib Warning: Citation `frigola2015bayesian' on page 2 undefined on i
nput line 150.


Package natbib Warning: Citation `breiman2001random' on page 2 undefined on inp
ut line 154.


Package natbib Warning: Citation `regression1992introduction' on page 2 undefin
ed on input line 154.


Package natbib Warning: Citation `zhang2003time' on page 2 undefined on input l
ine 154.


Package natbib Warning: Citation `graves2012long' on page 2 undefined on input 
line 160.


Package natbib Warning: Citation `cho2014learning' on page 2 undefined on input
 line 160.


Package natbib Warning: Citation `lecun2002gradient' on page 2 undefined on inp
ut line 163.


Package natbib Warning: Citation `lai2018modeling' on page 2 undefined on input
 line 165.


Package natbib Warning: Citation `shih2019temporal' on page 2 undefined on inpu
t line 165.


Overfull \hbox (2.61108pt too wide) has occurred while \output is active
[] 
 []

[2]

Package natbib Warning: Citation `bruna2013spectral' on page 3 undefined on inp
ut line 172.


Package natbib Warning: Citation `defferrard2016convolutional' on page 3 undefi
ned on input line 172.


Package natbib Warning: Citation `kipf2016semi' on page 3 undefined on input li
ne 172.


Package natbib Warning: Citation `jin2023spatio' on page 3 undefined on input l
ine 176.


Package natbib Warning: Citation `corradini2024systematic' on page 3 undefined 
on input line 176.

[3]

Package natbib Warning: Citation `li2017diffusion' on page 4 undefined on input
 line 186.


Package natbib Warning: Citation `wu2019graph' on page 4 undefined on input lin
e 190.


Package natbib Warning: Citation `wu2020connecting' on page 4 undefined on inpu
t line 190.


Package natbib Warning: Citation `ta2022adaptive' on page 4 undefined on input 
line 190.


Package natbib Warning: Citation `guo2021learning' on page 4 undefined on input
 line 196.


Package natbib Warning: Citation `lan2022dstagnn' on page 4 undefined on input 
line 196.


Package natbib Warning: Citation `ye2022learning' on page 4 undefined on input 
line 196.


Package natbib Warning: Citation `xia2025prost' on page 4 undefined on input li
ne 196.


Package natbib Warning: Citation `liu2022scinet' on page 4 undefined on input l
ine 207.


Package natbib Warning: Citation `wu2021autoformer' on page 4 undefined on inpu
t line 211.


Package natbib Warning: Citation `wang2024timemixer' on page 4 undefined on inp
ut line 211.


Package natbib Warning: Citation `luo2024lsttn' on page 4 undefined on input li
ne 211.


Package natbib Warning: Citation `seo2025st' on page 4 undefined on input line 
211.


Package natbib Warning: Citation `cao2020spectral' on page 4 undefined on input
 line 217.


Package natbib Warning: Citation `zhou2022fedformer' on page 4 undefined on inp
ut line 217.


Package natbib Warning: Citation `yi2023frequency' on page 4 undefined on input
 line 217.


Package natbib Warning: Citation `xu2023fits' on page 4 undefined on input line
 217.


Package natbib Warning: Citation `tian2025frera' on page 4 undefined on input l
ine 217.


Package natbib Warning: Citation `li2017diffusion' on page 4 undefined on input
 line 229.


Package natbib Warning: Citation `zhao2019t' on page 4 undefined on input line 
234.


Package natbib Warning: Citation `yu2017spatio' on page 4 undefined on input li
ne 234.

[4] [5{/usr/local/texlive/2023/texmf-dist/fonts/enc/dvips/cm-super/cm-super-ts1
.enc}]
Overfull \hbox (5.8247pt too wide) in paragraph at lines 295--298
\OT1/cmr/m/n/12 var-i-ous fields. DWIST-GNN achieves ex-traor-di-nary per-for-m
ance, demon-
 []


Package natbib Warning: Citation `box1976analysis' on page 6 undefined on input
 line 324.


Package natbib Warning: Citation `drucker1996support' on page 6 undefined on in
put line 328.


Package natbib Warning: Citation `zivot2006vector' on page 6 undefined on input
 line 331.


Package natbib Warning: Citation `chen2007narx' on page 6 undefined on input li
ne 336.


Package natbib Warning: Citation `frigola2015bayesian' on page 6 undefined on i
nput line 337.


Package natbib Warning: Citation `breiman2001random' on page 6 undefined on inp
ut line 342.


Package natbib Warning: Citation `regression1992introduction' on page 6 undefin
ed on input line 343.


Package natbib Warning: Citation `zhang2003time' on page 6 undefined on input l
ine 349.


Package natbib Warning: Citation `graves2012long' on page 6 undefined on input 
line 352.


Package natbib Warning: Citation `cho2014learning' on page 6 undefined on input
 line 352.


Package natbib Warning: Citation `lecun2002gradient' on page 6 undefined on inp
ut line 354.


Package natbib Warning: Citation `lai2018modeling' on page 6 undefined on input
 line 356.


Package natbib Warning: Citation `shih2019temporal' on page 6 undefined on inpu
t line 359.

[6]

Package natbib Warning: Citation `bruna2013spectral' on page 7 undefined on inp
ut line 371.


Package natbib Warning: Citation `defferrard2016convolutional' on page 7 undefi
ned on input line 371.


Package natbib Warning: Citation `kipf2016semi' on page 7 undefined on input li
ne 371.


Package natbib Warning: Citation `jin2023spatio' on page 7 undefined on input l
ine 382.


Package natbib Warning: Citation `corradini2024systematic' on page 7 undefined 
on input line 382.

[7]

Package natbib Warning: Citation `li2017diffusion' on page 8 undefined on input
 line 411.


Package natbib Warning: Citation `wu2019graph' on page 8 undefined on input lin
e 416.


Package natbib Warning: Citation `wu2020connecting' on page 8 undefined on inpu
t line 418.


Package natbib Warning: Citation `guo2021learning' on page 8 undefined on input
 line 427.


Package natbib Warning: Citation `lan2022dstagnn' on page 8 undefined on input 
line 429.


Package natbib Warning: Citation `ye2022learning' on page 8 undefined on input 
line 433.

[8]

Package natbib Warning: Citation `liu2022scinet' on page 9 undefined on input l
ine 444.


Package natbib Warning: Citation `wu2021autoformer' on page 9 undefined on inpu
t line 447.


Package natbib Warning: Citation `shao2022decoupled' on page 9 undefined on inp
ut line 451.


Package natbib Warning: Citation `cao2020spectral' on page 9 undefined on input
 line 456.


Package natbib Warning: Citation `zhou2022fedformer' on page 9 undefined on inp
ut line 460.


Package natbib Warning: Citation `fang2023spatio' on page 9 undefined on input 
line 465.


Package natbib Warning: Citation `li2017diffusion' on page 9 undefined on input
 line 476.


Package natbib Warning: Citation `zhao2019t' on page 9 undefined on input line 
483.


Package natbib Warning: Citation `yu2017spatio' on page 9 undefined on input li
ne 488.


Package natbib Warning: Citation `liu2024spatial' on page 9 undefined on input 
line 494.

[9] [10]
Overfull \hbox (3.24893pt too wide) in paragraph at lines 550--553
[]\OT1/cmr/m/n/12 The pro-posed model equals build-ing an ap-prox-i-ma-tion $[]
 = \OML/cmm/m/it/12 model\OT1/cmr/m/n/12 (\OML/cmm/m/it/12 X; \OT1/cmr/m/n/12 ^
^B)$.
 []


Package natbib Warning: Citation `daubechies1992ten' on page 11 undefined on in
put line 564.

[11] [12]

LaTeX Warning: File `figs/fig_1.png' not found on input line 659.


! Package pdftex.def Error: File `figs/fig_1.png' not found: using draft settin
g.

See the pdftex.def package documentation for explanation.
Type  H <return>  for immediate help.
 ...                                              
                                                  
l.659 ...ics[width=0.98\textwidth]{figs/fig_1.png}
                                                  
? 

LaTeX Warning: `h' float specifier changed to `ht'.

[13] [14] [15] [16] [17] [18] [19]
! Missing $ inserted.
<inserted text> 
                $
l.1114 
       
? 
! Missing $ inserted.
<inserted text> 
                $
l.1114 
       
? 
! Missing $ inserted.
<inserted text> 
                $
l.1114 
       
? 
! Missing $ inserted.
<inserted text> 
                $
l.1114 
       
? 
LaTeX Font Info:    Trying to load font information for OMS+cmr on input line 1
114.
(/usr/local/texlive/2023/texmf-dist/tex/latex/base/omscmr.fd
File: omscmr.fd 2022/07/10 v2.5l Standard LaTeX font definitions
)
LaTeX Font Info:    Font shape `OMS/cmr/m/n' in size <12> not available
(Font)              Font shape `OMS/cmsy/m/n' tried instead on input line 1114.


! Missing $ inserted.
<inserted text> 
                $
l.1114 
       
? 
! Missing $ inserted.
<inserted text> 
                $
l.1114 
       
? 
! Missing $ inserted.
<inserted text> 
                $
l.1114 
       
? 
! Missing $ inserted.
<inserted text> 
                $
l.1114 
       
? 
! Missing $ inserted.
<inserted text> 
                $
l.1114 
       
? 
! Missing $ inserted.
<inserted text> 
                $
l.1114 
       
? 
! Missing $ inserted.
<inserted text> 
                $
l.1114 
       
? 
! Missing $ inserted.
<inserted text> 
                $
l.1114 
       
? 
! Missing $ inserted.
<inserted text> 
                $
l.1114 
       
? 
! Missing $ inserted.
<inserted text> 
                $
l.1114 
       
? 
! Missing $ inserted.
<inserted text> 
                $
l.1114 
       
? 
! Missing $ inserted.
<inserted text> 
                $
l.1114 
       
? 

LaTeX Warning: `h' float specifier changed to `ht'.


Overfull \hbox (10.05734pt too wide) in paragraph at lines 1157--1180
 [][] 
 []


LaTeX Warning: `h' float specifier changed to `ht'.

[20]
Overfull \hbox (16.95325pt too wide) in paragraph at lines 1228--1233
[]\OT1/cmr/bx/n/12 PeMS08\OT1/cmr/m/n/12 : This dataset con-tains trans-porta-t
ion data from San Bernardino.
 []

[21]
Overfull \hbox (37.07376pt too wide) in paragraph at lines 1274--1301
 [][] 
 []


LaTeX Warning: `h' float specifier changed to `ht'.


Overfull \hbox (6.89368pt too wide) in paragraph at lines 1305--1310
[]\OT1/cmr/m/n/12 Supposing $\OMS/cmsy/m/n/12 f\OML/cmm/m/it/12 y \OT1/cmr/m/n/
12 = \OML/cmm/m/it/12 y[]; y[]; :::; y[]\OMS/cmsy/m/n/12 g$ \OT1/cmr/m/n/12 de-
notes the ac-tual val-ues, $\OMS/cmsy/m/n/12 f[] \OT1/cmr/m/n/12 = []\OML/cmm/m
/it/12 ; []; :::; []\OMS/cmsy/m/n/12 g$
 []

[22]
Underfull \hbox (badness 10000) in paragraph at lines 1356--1357

 []


Package natbib Warning: Citation `box1976analysis' on page 23 undefined on inpu
t line 1362.


Package natbib Warning: Citation `frigola2015bayesian' on page 23 undefined on 
input line 1368.


Package natbib Warning: Citation `zhang2003time' on page 23 undefined on input 
line 1373.


Package natbib Warning: Citation `cho2014learning' on page 23 undefined on inpu
t line 1379.


Package natbib Warning: Citation `lai2018modeling' on page 23 undefined on inpu
t line 1384.


Package natbib Warning: Citation `shih2019temporal' on page 23 undefined on inp
ut line 1388.

[23]

Package natbib Warning: Citation `wu2020connecting' on page 24 undefined on inp
ut line 1394.


Package natbib Warning: Citation `zhou2021informer' on page 24 undefined on inp
ut line 1399.


Package natbib Warning: Citation `wu2021autoformer' on page 24 undefined on inp
ut line 1404.


Package natbib Warning: Citation `shang2021discrete' on page 24 undefined on in
put line 1408.


Package natbib Warning: Citation `ye2022learning' on page 24 undefined on input
 line 1414.


Package natbib Warning: Citation `liu2022scinet' on page 24 undefined on input 
line 1418.


Package natbib Warning: Citation `zivot2006vector' on page 24 undefined on inpu
t line 1428.


Package natbib Warning: Citation `drucker1996support' on page 24 undefined on i
nput line 1433.


Package natbib Warning: Citation `graves2012long' on page 24 undefined on input
 line 1438.

[24]

Package natbib Warning: Citation `li2017diffusion' on page 25 undefined on inpu
t line 1442.


Package natbib Warning: Citation `yu2017spatio' on page 25 undefined on input l
ine 1446.


Package natbib Warning: Citation `guo2019attention' on page 25 undefined on inp
ut line 1450.


Package natbib Warning: Citation `wu2019graph' on page 25 undefined on input li
ne 1454.


Package natbib Warning: Citation `song2020spatial' on page 25 undefined on inpu
t line 1459.


Package natbib Warning: Citation `lan2022dstagnn' on page 25 undefined on input
 line 1464.


Package natbib Warning: Citation `shao2022decoupled' on page 25 undefined on in
put line 1470.


Package natbib Warning: Citation `fang2023spatio' on page 25 undefined on input
 line 1475.


Package natbib Warning: Citation `liu2024spatial' on page 25 undefined on input
 line 1481.

[25] [26] [27] [28] [29] [30]
Overfull \hbox (471.94337pt too wide) in paragraph at lines 1585--1786
 [] 
 []


Overfull \hbox (411.43025pt too wide) in paragraph at lines 1802--1877
 [] 
 []


LaTeX Warning: Float too large for page by 109.23856pt on input line 1884.


LaTeX Warning: `h' float specifier changed to `ht'.

[31]

LaTeX Warning: File `figs/fig_1_polylines/Model Comparison on PeMS04 (MAE).png'
 not found on input line 1911.


! Package pdftex.def Error: File `figs/fig_1_polylines/Model Comparison on PeMS
04 (MAE).png' not found: using draft setting.

See the pdftex.def package documentation for explanation.
Type  H <return>  for immediate help.
 ...                                              
                                                  
l.1911 ...es/Model Comparison on PeMS04 (MAE).png}
                                                  
? 

Underfull \hbox (badness 10000) in paragraph at lines 1911--1913
[][]
 []


LaTeX Warning: File `figs/fig_1_polylines/Model Comparison on PeMS04 (RMSE).png
' not found on input line 1916.


! Package pdftex.def Error: File `figs/fig_1_polylines/Model Comparison on PeMS
04 (RMSE).png' not found: using draft setting.

See the pdftex.def package documentation for explanation.
Type  H <return>  for immediate help.
 ...                                              
                                                  
l.1916 ...s/Model Comparison on PeMS04 (RMSE).png}
                                                  
? 

Underfull \hbox (badness 10000) in paragraph at lines 1916--1918
[][]
 []


LaTeX Warning: File `figs/fig_1_polylines/Model Comparison on PeMS04 (MAPE).png
' not found on input line 1921.


! Package pdftex.def Error: File `figs/fig_1_polylines/Model Comparison on PeMS
04 (MAPE).png' not found: using draft setting.

See the pdftex.def package documentation for explanation.
Type  H <return>  for immediate help.
 ...                                              
                                                  
l.1921 ...s/Model Comparison on PeMS04 (MAPE).png}
                                                  
? 

Underfull \hbox (badness 10000) in paragraph at lines 1921--1923
[][]
 []


LaTeX Warning: File `figs/fig_1_polylines/Model Comparison on PeMS08 (MAE).png'
 not found on input line 1926.


! Package pdftex.def Error: File `figs/fig_1_polylines/Model Comparison on PeMS
08 (MAE).png' not found: using draft setting.

See the pdftex.def package documentation for explanation.
Type  H <return>  for immediate help.
 ...                                              
                                                  
l.1926 ...es/Model Comparison on PeMS08 (MAE).png}
                                                  
? 

Underfull \hbox (badness 10000) in paragraph at lines 1926--1928
[][]
 []


LaTeX Warning: File `figs/fig_1_polylines/Model Comparison on PeMS08 (RMSE).png
' not found on input line 1931.


! Package pdftex.def Error: File `figs/fig_1_polylines/Model Comparison on PeMS
08 (RMSE).png' not found: using draft setting.

See the pdftex.def package documentation for explanation.
Type  H <return>  for immediate help.
 ...                                              
                                                  
l.1931 ...s/Model Comparison on PeMS08 (RMSE).png}
                                                  
? 

Underfull \hbox (badness 10000) in paragraph at lines 1931--1933
[][]
 []


LaTeX Warning: File `figs/fig_1_polylines/Model Comparison on PeMS08 (MAPE).png
' not found on input line 1936.


! Package pdftex.def Error: File `figs/fig_1_polylines/Model Comparison on PeMS
08 (MAPE).png' not found: using draft setting.

See the pdftex.def package documentation for explanation.
Type  H <return>  for immediate help.
 ...                                              
                                                  
l.1936 ...s/Model Comparison on PeMS08 (MAPE).png}
                                                  
? 

Underfull \hbox (badness 10000) in paragraph at lines 1936--1938
[][]
 []


LaTeX Warning: File `figs/fig_2+3/PEMS04/fig_2_curves_04 4-02.22.png' not found
 on input line 1960.


! Package pdftex.def Error: File `figs/fig_2+3/PEMS04/fig_2_curves_04 4-02.22.p
ng' not found: using draft setting.

See the pdftex.def package documentation for explanation.
Type  H <return>  for immediate help.
 ...                                              
                                                  
l.1960 ..._2+3/PEMS04/fig_2_curves_04 4-02.22.png}
                                                  
? 

Underfull \hbox (badness 10000) in paragraph at lines 1960--1962
[][]
 []


LaTeX Warning: File `figs/fig_2+3/PEMS08/fig_2_curves_08 89-08.29.png' not foun
d on input line 1965.


! Package pdftex.def Error: File `figs/fig_2+3/PEMS08/fig_2_curves_08 89-08.29.
png' not found: using draft setting.

See the pdftex.def package documentation for explanation.
Type  H <return>  for immediate help.
 ...                                              
                                                  
l.1965 ...2+3/PEMS08/fig_2_curves_08 89-08.29.png}
                                                  
? 

Underfull \hbox (badness 10000) in paragraph at lines 1965--1967
[][]
 []


Overfull \hbox (16.92273pt too wide) in paragraph at lines 1945--1972
[]\OT1/cmr/bx/n/12 Fig.4 \OT1/cmr/m/n/12 il-lus-trates the fore-cast-ing re-sul
ts dur-ing rush hours on the PeMS04/08
 []

[32


]

LaTeX Warning: File `figs/fig_2+3/PEMS04/fig_3_regression_04.png' not found on 
input line 1989.


! Package pdftex.def Error: File `figs/fig_2+3/PEMS04/fig_3_regression_04.png' 
not found: using draft setting.

See the pdftex.def package documentation for explanation.
Type  H <return>  for immediate help.
 ...                                              
                                                  
l.1989 .../fig_2+3/PEMS04/fig_3_regression_04.png}
                                                  
? 

Underfull \hbox (badness 10000) in paragraph at lines 1989--1991
[][]
 []


LaTeX Warning: File `figs/fig_2+3/PEMS04/fig_3_regression_04 (3375).png' not fo
und on input line 1994.


! Package pdftex.def Error: File `figs/fig_2+3/PEMS04/fig_3_regression_04 (3375
).png' not found: using draft setting.

See the pdftex.def package documentation for explanation.
Type  H <return>  for immediate help.
 ...                                              
                                                  
l.1994 ...3/PEMS04/fig_3_regression_04 (3375).png}
                                                  
? 

Underfull \hbox (badness 10000) in paragraph at lines 1994--1996
[][]
 []


LaTeX Warning: File `figs/fig_2+3/PEMS08/fig_3_regression_08.png' not found on 
input line 1999.


! Package pdftex.def Error: File `figs/fig_2+3/PEMS08/fig_3_regression_08.png' 
not found: using draft setting.

See the pdftex.def package documentation for explanation.
Type  H <return>  for immediate help.
 ...                                              
                                                  
l.1999 .../fig_2+3/PEMS08/fig_3_regression_08.png}
                                                  
? 

Underfull \hbox (badness 10000) in paragraph at lines 1999--2001
[][]
 []


LaTeX Warning: File `figs/fig_2+3/PEMS08/fig_3_regression_08 (3548).png' not fo
und on input line 2004.


! Package pdftex.def Error: File `figs/fig_2+3/PEMS08/fig_3_regression_08 (3548
).png' not found: using draft setting.

See the pdftex.def package documentation for explanation.
Type  H <return>  for immediate help.
 ...                                              
                                                  
l.2004 ...3/PEMS08/fig_3_regression_08 (3548).png}
                                                  
? 

Underfull \hbox (badness 10000) in paragraph at lines 2004--2006
[][]
 []


LaTeX Warning: `h' float specifier changed to `ht'.

[33]

LaTeX Warning: File `figs/fig_4_As/PEMS08/fig_4_As_08 08.20 8:00.png' not found
 on input line 2062.


! Package pdftex.def Error: File `figs/fig_4_As/PEMS08/fig_4_As_08 08.20 8:00.p
ng' not found: using draft setting.

See the pdftex.def package documentation for explanation.
Type  H <return>  for immediate help.
 ...                                              
                                                  
l.2062 ..._4_As/PEMS08/fig_4_As_08 08.20 8:00.png}
                                                  
? 

Underfull \hbox (badness 10000) in paragraph at lines 2062--2064
[][]
 []


LaTeX Warning: File `figs/fig_4_As/PEMS08/fig_4_As_08 08.20 12:00.png' not foun
d on input line 2066.


! Package pdftex.def Error: File `figs/fig_4_As/PEMS08/fig_4_As_08 08.20 12:00.
png' not found: using draft setting.

See the pdftex.def package documentation for explanation.
Type  H <return>  for immediate help.
 ...                                              
                                                  
l.2066 ...4_As/PEMS08/fig_4_As_08 08.20 12:00.png}
                                                  
? 

Underfull \hbox (badness 10000) in paragraph at lines 2066--2068
[][]
 []


LaTeX Warning: File `figs/fig_4_As/PEMS08/fig_4_As_08 08.20 [8:00-9:00].png' no
t found on input line 2071.


! Package pdftex.def Error: File `figs/fig_4_As/PEMS08/fig_4_As_08 08.20 [8:00-
9:00].png' not found: using draft setting.

See the pdftex.def package documentation for explanation.
Type  H <return>  for immediate help.
 ...                                              
                                                  
l.2071 ...EMS08/fig_4_As_08 08.20 [8:00-9:00].png}
                                                  
? 

Underfull \hbox (badness 10000) in paragraph at lines 2071--2073
[][]
 []


LaTeX Warning: File `figs/fig_4_As/PEMS08/fig_4_As_08 08.20 [8:00-10:00].png' n
ot found on input line 2075.


! Package pdftex.def Error: File `figs/fig_4_As/PEMS08/fig_4_As_08 08.20 [8:00-
10:00].png' not found: using draft setting.

See the pdftex.def package documentation for explanation.
Type  H <return>  for immediate help.
 ...                                              
                                                  
l.2075 ...MS08/fig_4_As_08 08.20 [8:00-10:00].png}
                                                  
? 

Underfull \hbox (badness 10000) in paragraph at lines 2075--2077
[][]
 []


LaTeX Warning: File `figs/fig_4_As/PEMS08/fig_4_As_08 08.20 [8:00-11:00].png' n
ot found on input line 2079.


! Package pdftex.def Error: File `figs/fig_4_As/PEMS08/fig_4_As_08 08.20 [8:00-
11:00].png' not found: using draft setting.

See the pdftex.def package documentation for explanation.
Type  H <return>  for immediate help.
 ...                                              
                                                  
l.2079 ...MS08/fig_4_As_08 08.20 [8:00-11:00].png}
                                                  
? 

Underfull \hbox (badness 10000) in paragraph at lines 2079--2081
[][]
 []


LaTeX Warning: File `figs/fig_4_As/PEMS08/fig_4_As_08 08.20 [8:00-12:00].png' n
ot found on input line 2083.


! Package pdftex.def Error: File `figs/fig_4_As/PEMS08/fig_4_As_08 08.20 [8:00-
12:00].png' not found: using draft setting.

See the pdftex.def package documentation for explanation.
Type  H <return>  for immediate help.
 ...                                              
                                                  
l.2083 ...MS08/fig_4_As_08 08.20 [8:00-12:00].png}
                                                  
? 

Underfull \hbox (badness 10000) in paragraph at lines 2083--2085
[][]
 []


LaTeX Warning: `h' float specifier changed to `ht'.


LaTeX Warning: `h' float specifier changed to `ht'.


LaTeX Warning: File `figs/fig_5_ablation/Ablation-PEMS04-MAE.png' not found on 
input line 2183.


! Package pdftex.def Error: File `figs/fig_5_ablation/Ablation-PEMS04-MAE.png' 
not found: using draft setting.

See the pdftex.def package documentation for explanation.
Type  H <return>  for immediate help.
 ...                                              
                                                  
l.2183 .../fig_5_ablation/Ablation-PEMS04-MAE.png}
                                                  
? 

Underfull \hbox (badness 10000) in paragraph at lines 2183--2185
[][]
 []


LaTeX Warning: File `figs/fig_5_ablation/Ablation-PEMS04-RMSE.png' not found on
 input line 2188.


! Package pdftex.def Error: File `figs/fig_5_ablation/Ablation-PEMS04-RMSE.png'
 not found: using draft setting.

See the pdftex.def package documentation for explanation.
Type  H <return>  for immediate help.
 ...                                              
                                                  
l.2188 ...fig_5_ablation/Ablation-PEMS04-RMSE.png}
                                                  
? 

Underfull \hbox (badness 10000) in paragraph at lines 2188--2190
[][]
 []


LaTeX Warning: File `figs/fig_5_ablation/Ablation-PEMS04-MAPE.png' not found on
 input line 2193.


! Package pdftex.def Error: File `figs/fig_5_ablation/Ablation-PEMS04-MAPE.png'
 not found: using draft setting.

See the pdftex.def package documentation for explanation.
Type  H <return>  for immediate help.
 ...                                              
                                                  
l.2193 ...fig_5_ablation/Ablation-PEMS04-MAPE.png}
                                                  
? 

Underfull \hbox (badness 10000) in paragraph at lines 2193--2195
[][]
 []


LaTeX Warning: File `figs/fig_5_ablation/Ablation-PEMS08-MAE.png' not found on 
input line 2198.


! Package pdftex.def Error: File `figs/fig_5_ablation/Ablation-PEMS08-MAE.png' 
not found: using draft setting.

See the pdftex.def package documentation for explanation.
Type  H <return>  for immediate help.
 ...                                              
                                                  
l.2198 .../fig_5_ablation/Ablation-PEMS08-MAE.png}
                                                  
? 

Underfull \hbox (badness 10000) in paragraph at lines 2198--2200
[][]
 []


LaTeX Warning: File `figs/fig_5_ablation/Ablation-PEMS08-RMSE.png' not found on
 input line 2203.


! Package pdftex.def Error: File `figs/fig_5_ablation/Ablation-PEMS08-RMSE.png'
 not found: using draft setting.

See the pdftex.def package documentation for explanation.
Type  H <return>  for immediate help.
 ...                                              
                                                  
l.2203 ...fig_5_ablation/Ablation-PEMS08-RMSE.png}
                                                  
? 

Underfull \hbox (badness 10000) in paragraph at lines 2203--2205
[][]
 []


LaTeX Warning: File `figs/fig_5_ablation/Ablation-PEMS08-MAPE.png' not found on
 input line 2208.


! Package pdftex.def Error: File `figs/fig_5_ablation/Ablation-PEMS08-MAPE.png'
 not found: using draft setting.

See the pdftex.def package documentation for explanation.
Type  H <return>  for immediate help.
 ...                                              
                                                  
l.2208 ...fig_5_ablation/Ablation-PEMS08-MAPE.png}
                                                  
? 

Underfull \hbox (badness 10000) in paragraph at lines 2208--2210
[][]
 []

[34]

LaTeX Warning: `h' float specifier changed to `ht'.

[35] (./elsarticle-template-num.bbl [36] [37] [38] [39] [40] [41] [42])

Package natbib Warning: There were undefined citations.

[43] [44] [45] [46] (./elsarticle-template-num.aux

Package natbib Warning: Citation(s) may have changed.
(natbib)                Rerun to get citations correct.

)

LaTeX Warning: Label(s) may have changed. Rerun to get cross-references right.

 ) 
Here is how much of TeX's memory you used:
 13637 strings out of 476025
 284006 string characters out of 5790023
 1942388 words of memory out of 5000000
 33723 multiletter control sequences out of 15000+600000
 534421 words of font info for 113 fonts, out of 8000000 for 9000
 1141 hyphenation exceptions out of 8191
 78i,15n,80p,743b,571s stack positions out of 10000i,1000n,20000p,200000b,200000s

!pdfTeX error: pdflatex (file unisong88): Font unisong88 at 600 not found
 ==> Fatal error occurred, no output PDF file produced!
